\BOOKMARK [1][-]{section.1}{Inleiding}{}
\BOOKMARK [2][-]{subsection.1.1}{Overzicht van het verslag}{section.1}
\BOOKMARK [2][-]{subsection.1.2}{Veronderstellingen }{section.1}
\BOOKMARK [1][-]{section.2}{Het systeem}{}
\BOOKMARK [2][-]{subsection.2.1}{Overzicht}{section.2}
\BOOKMARK [2][-]{subsection.2.2}{Gebruikers }{section.2}
\BOOKMARK [3][-]{subsubsection.2.2.1}{Beschrijving}{subsection.2.2}
\BOOKMARK [3][-]{subsubsection.2.2.2}{Usecases: Login, Logout}{subsection.2.2}
\BOOKMARK [3][-]{subsubsection.2.2.3}{Bespreking GRASP en uitbreidbaarheid}{subsection.2.2}
\BOOKMARK [3][-]{subsubsection.2.2.4}{Nadelen van het design}{subsection.2.2}
\BOOKMARK [2][-]{subsection.2.3}{Diagnoses }{section.2}
\BOOKMARK [3][-]{subsubsection.2.3.1}{Beschrijving}{subsection.2.3}
\BOOKMARK [3][-]{subsubsection.2.3.2}{Usecases: EnterDiagnosis, ApproveDiagnosis}{subsection.2.3}
\BOOKMARK [3][-]{subsubsection.2.3.3}{Bespreking GRASP}{subsection.2.3}
\BOOKMARK [2][-]{subsection.2.4}{Magazijn}{section.2}
\BOOKMARK [3][-]{subsubsection.2.4.1}{Beschrijving}{subsection.2.4}
\BOOKMARK [3][-]{subsubsection.2.4.2}{Interne Werking}{subsection.2.4}
\BOOKMARK [3][-]{subsubsection.2.4.3}{Bespreking GRASP}{subsection.2.4}
\BOOKMARK [2][-]{subsection.2.5}{Medische testen en behandelingen \040}{section.2}
\BOOKMARK [3][-]{subsubsection.2.5.1}{Beschrijving: medische testen}{subsection.2.5}
\BOOKMARK [3][-]{subsubsection.2.5.2}{Beschrijving: behandelingen}{subsection.2.5}
\BOOKMARK [3][-]{subsubsection.2.5.3}{Verloop usecases: OrderMedicalTest en EnterTreatment}{subsection.2.5}
\BOOKMARK [3][-]{subsubsection.2.5.4}{Bespreking GRASP en uitbreidbaarheid}{subsection.2.5}
\BOOKMARK [2][-]{subsection.2.6}{Tijdsplanning }{section.2}
\BOOKMARK [3][-]{subsubsection.2.6.1}{Beschrijving}{subsection.2.6}
\BOOKMARK [3][-]{subsubsection.2.6.2}{Bespreking}{subsection.2.6}
\BOOKMARK [3][-]{subsubsection.2.6.3}{Bespreking GRASP en uitbreidbaarheid}{subsection.2.6}
\BOOKMARK [2][-]{subsection.2.7}{Administratie}{section.2}
\BOOKMARK [3][-]{subsubsection.2.7.1}{Beschrijving}{subsection.2.7}
\BOOKMARK [3][-]{subsubsection.2.7.2}{Verloop usecase: Add staff \046 machine}{subsection.2.7}
\BOOKMARK [1][-]{section.3}{Onbresproken Usecases}{}
\BOOKMARK [2][-]{subsection.3.1}{Undo \046 Redo}{section.3}
\BOOKMARK [2][-]{subsection.3.2}{Consult Patientfile}{section.3}
\BOOKMARK [2][-]{subsection.3.3}{Close Patientfile}{section.3}
\BOOKMARK [2][-]{subsection.3.4}{Discharge Patient}{section.3}
\BOOKMARK [2][-]{subsection.3.5}{Register Patient}{section.3}
\BOOKMARK [2][-]{subsection.3.6}{Enter Medicaltest result}{section.3}
\BOOKMARK [2][-]{subsection.3.7}{Enter Treatment result}{section.3}
\BOOKMARK [2][-]{subsection.3.8}{Advance Time}{section.3}
\BOOKMARK [3][-]{subsubsection.3.8.1}{bespreking GRASP en uitbreidbaarheid}{subsection.3.8}
\BOOKMARK [2][-]{subsection.3.9}{Fill stock}{section.3}
\BOOKMARK [3][-]{subsubsection.3.9.1}{bespreking GRASP en uitbreidbaarheid}{subsection.3.9}
\BOOKMARK [2][-]{subsection.3.10}{List orders}{section.3}
\BOOKMARK [1][-]{section.4}{Conclusie}{}
\BOOKMARK [1][-]{section.5}{Appendices}{}
\BOOKMARK [2][-]{subsection.5.1}{De user interface }{section.5}
\BOOKMARK [2][-]{subsection.5.2}{Testverslag}{section.5}
\BOOKMARK [3][-]{subsubsection.5.2.1}{Teststrategie}{subsection.5.2}
\BOOKMARK [3][-]{subsubsection.5.2.2}{Eclemma-verslag}{subsection.5.2}
\BOOKMARK [2][-]{subsection.5.3}{Werkverdeling}{section.5}
\BOOKMARK [2][-]{subsection.5.4}{Volledig klassendiagram }{section.5}
